
**** Build of configuration Debug for project graphicOMP ****

Nothing to build for project graphicOMP

**** Build of configuration Debug for project graphicOMP ****

Nothing to build for project graphicOMP
11:31:34 **** Auto Build of configuration Debug for project graphicOMP ****
make -j8 all 
make: Warning: File `objects.mk' has modification time 0.2 s in the future
Building file: ../main.cpp
Invoking: GCC C++ Compiler
g++ -I/home/mbv26/summer2014/graphicOMP.git/libraries/include -O0 -g3 -Wall -c -fmessage-length=0 -MMD -MP -MF"main.d" -MT"main.d" -o "main.o" "../main.cpp"
Finished building: ../main.cpp
 
Building target: graphicOMP
Invoking: GCC C++ Linker
g++ -L/home/mbv26/summer2014/graphicOMP.git/libraries/lib -L/usr/X11R6/lib -o "graphicOMP"  ./main.o   -lfltk -lfltk_forms -lfltk_images -lfltk_jpeg -lfltk_png -lX11
Finished building target: graphicOMP
 
make: warning:  Clock skew detected.  Your build may be incomplete.
11:31:57 **** Auto Build of configuration Debug for project graphicOMP ****
make -j8 all 
Building file: ../main.cpp
Invoking: GCC C++ Compiler
g++ -I/home/mbv26/summer2014/graphicOMP.git/libraries/include -O0 -g3 -Wall -c -fmessage-length=0 -MMD -MP -MF"main.d" -MT"main.d" -o "main.o" "../main.cpp"
Finished building: ../main.cpp
 
Building target: graphicOMP
Invoking: GCC C++ Linker
g++ -L/home/mbv26/summer2014/graphicOMP.git/libraries/lib -L/usr/X11R6/lib -o "graphicOMP"  ./main.o   -lfltk -lfltk_forms -lfltk_images -lfltk_jpeg -lfltk_png -lX11
Finished building target: graphicOMP
 
11:32:11 **** Incremental Build of configuration Debug for project graphicOMP ****
make -j8 all 
make: Warning: File `subdir.mk' has modification time 0.33 s in the future
make: warning:  Clock skew detected.  Your build may be incomplete.
make: Nothing to be done for `all'.
11:32:19 **** Auto Build of configuration Debug for project graphicOMP ****
make -j8 all 
Building file: ../main.cpp
Invoking: GCC C++ Compiler
g++ -I/home/mbv26/summer2014/graphicOMP.git/libraries/include -O0 -g3 -Wall -c -fmessage-length=0 -MMD -MP -MF"main.d" -MT"main.d" -o "main.o" "../main.cpp"
Finished building: ../main.cpp
 
Building target: graphicOMP
Invoking: GCC C++ Linker
g++ -L/home/mbv26/summer2014/graphicOMP.git/libraries/lib -L/usr/X11R6/lib -o "graphicOMP"  ./main.o   -lfltk -lfltk_forms -lfltk_images -lfltk_jpeg -lfltk_png -lX11
Finished building target: graphicOMP
 
